<?xml version="1.0" encoding="UTF-8"?>
<!-- Generated by org.testng.reporters.JUnitXMLReporter -->
<testsuite ignored="2" hostname="Mritunjay" failures="0" tests="1" name="Default test" time="32.722" errors="0" timestamp="18 Sep 2024 11:10:42 GMT">
  <testcase classname="com.comcast.crm.orgTest.CreateOrganizationTest" name="createOrganizationTest" time="17.589"/>
  <testcase classname="com.comcast.crm.orgTest.CreateOrganizationTest" name="createOrganizationWithPhoneNumberTest" time="0.0">
    <ignored/>
  </testcase> <!-- createOrganizationWithPhoneNumberTest -->
  <testcase classname="com.comcast.crm.orgTest.CreateOrganizationTest" name="createOrganizationWithIndustriesTest" time="0.0">
    <ignored/>
  </testcase> <!-- createOrganizationWithIndustriesTest -->
</testsuite> <!-- Default test -->
