<?xml version="1.0" encoding="UTF-8"?>
<!-- Generated by org.testng.reporters.JUnitXMLReporter -->
<testsuite ignored="2" hostname="Mritunjay" failures="0" tests="6" name="TestRunner-Firefox" time="180.312" errors="0" timestamp="10 Sep 2024 07:34:51 GMT">
  <testcase classname="com.comcast.crm.contactTest.CreateContactTest" name="createContactTest" time="14.191"/>
  <testcase classname="com.comcast.crm.contactTest.CreateContactTest" name="createContactWithOrgTest" time="29.464"/>
  <testcase classname="com.comcast.crm.contactTest.CreateContactTest" name="createContactWithSupportDateTest" time="14.893"/>
  <testcase classname="com.comcast.crm.orgTest.CreateOrganizationTest" name="createOrganizationTest" time="15.445"/>
  <testcase classname="com.comcast.crm.orgTest.CreateOrganizationTest" name="createOrganizationWithIndustriesTest" time="17.113"/>
  <testcase classname="com.comcast.crm.orgTest.CreateOrganizationTest" name="createOrganizationWithPhoneNumberTest" time="14.175"/>
  <testcase classname="com.comcast.baseTest.BaseClass" name="@AfterSuite configAS" time="0.0">
    <ignored/>
  </testcase> <!-- @AfterSuite configAS -->
  <testcase classname="com.comcast.baseTest.BaseClass" name="@BeforeSuite configBS" time="0.0">
    <ignored/>
  </testcase> <!-- @BeforeSuite configBS -->
</testsuite> <!-- TestRunner-Firefox -->
